<?xml version="1.0" encoding="UTF-8"?>
<!-- Generated by org.testng.reporters.JUnitXMLReporter -->
<testsuite hostname="MacBook-Pro-de-Itexico-2.local" ignored="0" name="Default test" tests="3" failures="0" timestamp="03 oct 2019 04:01:40 GMT" time="174.233" errors="0">
  <testcase name="httpPostMethod" time="99.317" classname="training.api.tests.TestDemo"/>
  <testcase name="httpGetMethod" time="57.484" classname="training.api.tests.TestDemo"/>
  <testcase name="validate" time="16.666" classname="training.api.tests.TestDemo"/>
</testsuite> <!-- Default test -->
