<?xml version="1.0" encoding="UTF-8"?>
<testng-results skipped="0" failed="0" ignored="0" total="3" passed="3">
  <reporter-output>
  </reporter-output>
  <suite name="Default suite" duration-ms="174233" started-at="2019-10-03T03:58:46Z" finished-at="2019-10-03T04:01:40Z">
    <groups>
    </groups>
    <test name="Default test" duration-ms="174233" started-at="2019-10-03T03:58:46Z" finished-at="2019-10-03T04:01:40Z">
      <class name="training.api.tests.TestDemo">
        <test-method status="PASS" signature="setup()[pri:0, instance:training.api.tests.TestDemo@384ad17b]" name="setup" is-config="true" duration-ms="702" started-at="2019-10-03T03:58:46Z" finished-at="2019-10-03T03:58:46Z">
          <reporter-output>
          </reporter-output>
        </test-method> <!-- setup -->
        <test-method status="PASS" signature="httpPostMethod()[pri:0, instance:training.api.tests.TestDemo@384ad17b]" name="httpPostMethod" duration-ms="99317" started-at="2019-10-03T03:58:46Z" finished-at="2019-10-03T04:00:26Z">
          <reporter-output>
          </reporter-output>
        </test-method> <!-- httpPostMethod -->
        <test-method status="PASS" signature="teardown()[pri:0, instance:training.api.tests.TestDemo@384ad17b]" name="teardown" is-config="true" duration-ms="1" started-at="2019-10-03T04:00:26Z" finished-at="2019-10-03T04:00:26Z">
          <reporter-output>
          </reporter-output>
        </test-method> <!-- teardown -->
        <test-method status="PASS" signature="setup()[pri:0, instance:training.api.tests.TestDemo@384ad17b]" name="setup" is-config="true" duration-ms="1" started-at="2019-10-03T04:00:26Z" finished-at="2019-10-03T04:00:26Z">
          <reporter-output>
          </reporter-output>
        </test-method> <!-- setup -->
        <test-method status="PASS" signature="httpGetMethod()[pri:0, instance:training.api.tests.TestDemo@384ad17b]" name="httpGetMethod" duration-ms="57484" started-at="2019-10-03T04:00:26Z" depends-on-methods="training.api.tests.TestDemo.httpPostMethod" finished-at="2019-10-03T04:01:23Z">
          <reporter-output>
          </reporter-output>
        </test-method> <!-- httpGetMethod -->
        <test-method status="PASS" signature="teardown()[pri:0, instance:training.api.tests.TestDemo@384ad17b]" name="teardown" is-config="true" duration-ms="1" started-at="2019-10-03T04:01:23Z" finished-at="2019-10-03T04:01:23Z">
          <reporter-output>
          </reporter-output>
        </test-method> <!-- teardown -->
        <test-method status="PASS" signature="setup()[pri:0, instance:training.api.tests.TestDemo@384ad17b]" name="setup" is-config="true" duration-ms="1" started-at="2019-10-03T04:01:23Z" finished-at="2019-10-03T04:01:23Z">
          <reporter-output>
          </reporter-output>
        </test-method> <!-- setup -->
        <test-method status="PASS" signature="validate()[pri:0, instance:training.api.tests.TestDemo@384ad17b]" name="validate" duration-ms="16666" started-at="2019-10-03T04:01:23Z" depends-on-methods="training.api.tests.TestDemo.httpGetMethod" finished-at="2019-10-03T04:01:40Z">
          <reporter-output>
          </reporter-output>
        </test-method> <!-- validate -->
        <test-method status="PASS" signature="teardown()[pri:0, instance:training.api.tests.TestDemo@384ad17b]" name="teardown" is-config="true" duration-ms="1" started-at="2019-10-03T04:01:40Z" finished-at="2019-10-03T04:01:40Z">
          <reporter-output>
          </reporter-output>
        </test-method> <!-- teardown -->
      </class> <!-- training.api.tests.TestDemo -->
    </test> <!-- Default test -->
  </suite> <!-- Default suite -->
</testng-results>
